#
# There is insufficient memory for the Java Runtime Environment to continue.
# Native memory allocation (mmap) failed to map 65536 bytes for Failed to commit metaspace.
# Possible reasons:
#   The system is out of physical RAM or swap space
#   The process is running with CompressedOops enabled, and the Java Heap may be blocking the growth of the native heap
# Possible solutions:
#   Reduce memory load on the system
#   Increase physical memory or swap space
#   Check if swap backing store is full
#   Decrease Java heap size (-Xmx/-Xms)
#   Decrease number of Java threads
#   Decrease Java thread stack sizes (-Xss)
#   Set larger code cache with -XX:ReservedCodeCacheSize=
#   JVM is running with Zero Based Compressed Oops mode in which the Java heap is
#     placed in the first 32GB address space. The Java Heap base address is the
#     maximum limit for the native heap growth. Please use -XX:HeapBaseMinAddress
#     to set the Java Heap base and to place the Java Heap above 32GB virtual address.
# This output file may be truncated or incomplete.
#
#  Out of Memory Error (virtualSpaceNode.cpp:110), pid=18552, tid=12348
#
# JRE version: OpenJDK Runtime Environment JBR-17.0.7+10-829.16-jcef (17.0.7+10) (build 17.0.7+10-b829.16)
# Java VM: OpenJDK 64-Bit Server VM JBR-17.0.7+10-829.16-jcef (17.0.7+10-b829.16, mixed mode, tiered, compressed oops, compressed class ptrs, g1 gc, windows-amd64)
# No core dump will be written. Minidumps are not enabled by default on client versions of Windows
#

---------------  S U M M A R Y ------------

Command Line: git4idea.http.GitAskPassApp Username for 'https://github.com': 

Host: 11th Gen Intel(R) Core(TM) i5-1135G7 @ 2.40GHz, 8 cores, 15G,  Windows 10 , 64 bit Build 19041 (10.0.19041.3155)
Time: Sun Dec 15 08:08:23 2024  Windows 10 , 64 bit Build 19041 (10.0.19041.3155) elapsed time: 0.117422 seconds (0d 0h 0m 0s)

---------------  T H R E A D  ---------------

Current thread (0x0000027f7fa4bd20):  JavaThread "main" [_thread_in_vm, id=12348, stack(0x000000c9e4400000,0x000000c9e4500000)]

Stack: [0x000000c9e4400000,0x000000c9e4500000]
Native frames: (J=compiled Java code, j=interpreted, Vv=VM code, C=native code)
V  [jvm.dll+0x683cca]
V  [jvm.dll+0x8424b4]
V  [jvm.dll+0x843cae]
V  [jvm.dll+0x844313]
V  [jvm.dll+0x24ad2f]
V  [jvm.dll+0x83e50b]
V  [jvm.dll+0x628316]
V  [jvm.dll+0x62837a]
V  [jvm.dll+0x62ab9a]
V  [jvm.dll+0x628cb6]
V  [jvm.dll+0x23ec1f]
V  [jvm.dll+0x632b45]
V  [jvm.dll+0x1eea7b]
V  [jvm.dll+0x1eefb5]
V  [jvm.dll+0x1ef8d4]
V  [jvm.dll+0x1e4e1c]
V  [jvm.dll+0x54a30d]
V  [jvm.dll+0x1f573b]
V  [jvm.dll+0x7bcc1b]
V  [jvm.dll+0x7be062]
V  [jvm.dll+0x7be398]
V  [jvm.dll+0x2429be]
V  [jvm.dll+0x3860ce]
C  0x0000027f0c00b6ee

Java frames: (J=compiled Java code, j=interpreted, Vv=VM code)
j  java.util.TreeMap.addEntryToEmptyMap(Ljava/lang/Object;Ljava/lang/Object;)V+8 java.base@17.0.7
j  java.util.TreeMap.put(Ljava/lang/Object;Ljava/lang/Object;Z)Ljava/lang/Object;+14 java.base@17.0.7
j  java.util.TreeMap.put(Ljava/lang/Object;Ljava/lang/Object;)Ljava/lang/Object;+4 java.base@17.0.7
j  java.util.AbstractMap.putAll(Ljava/util/Map;)V+44 java.base@17.0.7
j  java.util.TreeMap.putAll(Ljava/util/Map;)V+79 java.base@17.0.7
j  java.lang.ProcessEnvironment.<clinit>()V+124 java.base@17.0.7
v  ~StubRoutines::call_stub
j  java.lang.System.getenv(Ljava/lang/String;)Ljava/lang/String;+40 java.base@17.0.7
j  externalApp.ExternalAppUtil.getEnv(Ljava/lang/String;)Ljava/lang/String;+9
j  git4idea.http.GitAskPassApp.main([Ljava/lang/String;)V+18
v  ~StubRoutines::call_stub

---------------  P R O C E S S  ---------------

Threads class SMR info:
_java_thread_list=0x0000027f1fb7ed10, length=12, elements={
0x0000027f7fa4bd20, 0x0000027f1f9746d0, 0x0000027f1f975190, 0x0000027f1f9e1720,
0x0000027f1f9e21e0, 0x0000027f1f9cd2a0, 0x0000027f1f9ce370, 0x0000027f1fa01ee0,
0x0000027f1fa027e0, 0x0000027f1fa03c90, 0x0000027f1fb79270, 0x0000027f1fb7f040
}

Java Threads: ( => current thread )
=>0x0000027f7fa4bd20 JavaThread "main" [_thread_in_vm, id=12348, stack(0x000000c9e4400000,0x000000c9e4500000)]
  0x0000027f1f9746d0 JavaThread "Reference Handler" daemon [_thread_blocked, id=21312, stack(0x000000c9e4b00000,0x000000c9e4c00000)]
  0x0000027f1f975190 JavaThread "Finalizer" daemon [_thread_blocked, id=9008, stack(0x000000c9e4c00000,0x000000c9e4d00000)]
  0x0000027f1f9e1720 JavaThread "Signal Dispatcher" daemon [_thread_blocked, id=6540, stack(0x000000c9e4d00000,0x000000c9e4e00000)]
  0x0000027f1f9e21e0 JavaThread "Attach Listener" daemon [_thread_blocked, id=31300, stack(0x000000c9e4e00000,0x000000c9e4f00000)]
  0x0000027f1f9cd2a0 JavaThread "Service Thread" daemon [_thread_blocked, id=9876, stack(0x000000c9e4f00000,0x000000c9e5000000)]
  0x0000027f1f9ce370 JavaThread "Monitor Deflation Thread" daemon [_thread_blocked, id=32228, stack(0x000000c9e5000000,0x000000c9e5100000)]
  0x0000027f1fa01ee0 JavaThread "C2 CompilerThread0" daemon [_thread_blocked, id=35820, stack(0x000000c9e5100000,0x000000c9e5200000)]
  0x0000027f1fa027e0 JavaThread "C1 CompilerThread0" daemon [_thread_blocked, id=3956, stack(0x000000c9e5200000,0x000000c9e5300000)]
  0x0000027f1fa03c90 JavaThread "Sweeper thread" daemon [_thread_blocked, id=19796, stack(0x000000c9e5300000,0x000000c9e5400000)]
  0x0000027f1fb79270 JavaThread "Notification Thread" daemon [_thread_blocked, id=20888, stack(0x000000c9e5400000,0x000000c9e5500000)]
  0x0000027f1fb7f040 JavaThread "Common-Cleaner" daemon [_thread_blocked, id=32316, stack(0x000000c9e5600000,0x000000c9e5700000)]

Other Threads:
  0x0000027f1f99e4f0 VMThread "VM Thread" [stack: 0x000000c9e4a00000,0x000000c9e4b00000] [id=33592]
  0x0000027f1fb79950 WatcherThread [stack: 0x000000c9e5500000,0x000000c9e5600000] [id=26428]
  0x0000027f7fab89f0 GCTaskThread "GC Thread#0" [stack: 0x000000c9e4500000,0x000000c9e4600000] [id=13152]
  0x0000027f7fac9340 ConcurrentGCThread "G1 Main Marker" [stack: 0x000000c9e4600000,0x000000c9e4700000] [id=29396]
  0x0000027f7fac9c60 ConcurrentGCThread "G1 Conc#0" [stack: 0x000000c9e4700000,0x000000c9e4800000] [id=30228]
  0x0000027f7fb1c8f0 ConcurrentGCThread "G1 Refine#0" [stack: 0x000000c9e4800000,0x000000c9e4900000] [id=1696]
  0x0000027f1f7e40e0 ConcurrentGCThread "G1 Service" [stack: 0x000000c9e4900000,0x000000c9e4a00000] [id=25116]

Threads with active compile tasks:

VM state: not at safepoint (normal execution)

VM Mutex/Monitor currently owned by a thread:  ([mutex/lock_event])
[0x0000027f7ed6b930] Metaspace_lock - owner thread: 0x0000027f7fa4bd20

Heap address: 0x0000000705000000, size: 4016 MB, Compressed Oops mode: Zero based, Oop shift amount: 3

CDS archive(s) not mapped
Compressed class space mapped at: 0x0000000800000000-0x0000000840000000, reserved size: 1073741824
Narrow klass base: 0x0000000800000000, Narrow klass shift: 0, Narrow klass range: 0x40000000

GC Precious Log:
 CPUs: 8 total, 8 available
 Memory: 16057M
 Large Page Support: Disabled
 NUMA Support: Disabled
 Compressed Oops: Enabled (Zero based)
 Heap Region Size: 2M
 Heap Min Capacity: 8M
 Heap Initial Capacity: 252M
 Heap Max Capacity: 4016M
 Pre-touch: Disabled
 Parallel Workers: 8
 Concurrent Workers: 2
 Concurrent Refinement Workers: 8
 Periodic GC: Disabled

Heap:
 garbage-first heap   total 258048K, used 0K [0x0000000705000000, 0x0000000800000000)
  region size 2048K, 1 young (2048K), 0 survivors (0K)
 Metaspace       used 4845K, committed 4992K, reserved 1114112K
  class space    used 420K, committed 512K, reserved 1048576K

Heap Regions: E=young(eden), S=young(survivor), O=old, HS=humongous(starts), HC=humongous(continues), CS=collection set, F=free, OA=open archive, CA=closed archive, TAMS=top-at-mark-start (previous, next)
|   0|0x0000000705000000, 0x0000000705000000, 0x0000000705200000|  0%| F|  |TAMS 0x0000000705000000, 0x0000000705000000| Untracked 
|   1|0x0000000705200000, 0x0000000705200000, 0x0000000705400000|  0%| F|  |TAMS 0x0000000705200000, 0x0000000705200000| Untracked 
|   2|0x0000000705400000, 0x0000000705400000, 0x0000000705600000|  0%| F|  |TAMS 0x0000000705400000, 0x0000000705400000| Untracked 
|   3|0x0000000705600000, 0x0000000705600000, 0x0000000705800000|  0%| F|  |TAMS 0x0000000705600000, 0x0000000705600000| Untracked 
|   4|0x0000000705800000, 0x0000000705800000, 0x0000000705a00000|  0%| F|  |TAMS 0x0000000705800000, 0x0000000705800000| Untracked 
|   5|0x0000000705a00000, 0x0000000705a00000, 0x0000000705c00000|  0%| F|  |TAMS 0x0000000705a00000, 0x0000000705a00000| Untracked 
|   6|0x0000000705c00000, 0x0000000705c00000, 0x0000000705e00000|  0%| F|  |TAMS 0x0000000705c00000, 0x0000000705c00000| Untracked 
|   7|0x0000000705e00000, 0x0000000705e00000, 0x0000000706000000|  0%| F|  |TAMS 0x0000000705e00000, 0x0000000705e00000| Untracked 
|   8|0x0000000706000000, 0x0000000706000000, 0x0000000706200000|  0%| F|  |TAMS 0x0000000706000000, 0x0000000706000000| Untracked 
|   9|0x0000000706200000, 0x0000000706200000, 0x0000000706400000|  0%| F|  |TAMS 0x0000000706200000, 0x0000000706200000| Untracked 
|  10|0x0000000706400000, 0x0000000706400000, 0x0000000706600000|  0%| F|  |TAMS 0x0000000706400000, 0x0000000706400000| Untracked 
|  11|0x0000000706600000, 0x0000000706600000, 0x0000000706800000|  0%| F|  |TAMS 0x0000000706600000, 0x0000000706600000| Untracked 
|  12|0x0000000706800000, 0x0000000706800000, 0x0000000706a00000|  0%| F|  |TAMS 0x0000000706800000, 0x0000000706800000| Untracked 
|  13|0x0000000706a00000, 0x0000000706a00000, 0x0000000706c00000|  0%| F|  |TAMS 0x0000000706a00000, 0x0000000706a00000| Untracked 
|  14|0x0000000706c00000, 0x0000000706c00000, 0x0000000706e00000|  0%| F|  |TAMS 0x0000000706c00000, 0x0000000706c00000| Untracked 
|  15|0x0000000706e00000, 0x0000000706e00000, 0x0000000707000000|  0%| F|  |TAMS 0x0000000706e00000, 0x0000000706e00000| Untracked 
|  16|0x0000000707000000, 0x0000000707000000, 0x0000000707200000|  0%| F|  |TAMS 0x0000000707000000, 0x0000000707000000| Untracked 
|  17|0x0000000707200000, 0x0000000707200000, 0x0000000707400000|  0%| F|  |TAMS 0x0000000707200000, 0x0000000707200000| Untracked 
|  18|0x0000000707400000, 0x0000000707400000, 0x0000000707600000|  0%| F|  |TAMS 0x0000000707400000, 0x0000000707400000| Untracked 
|  19|0x0000000707600000, 0x0000000707600000, 0x0000000707800000|  0%| F|  |TAMS 0x0000000707600000, 0x0000000707600000| Untracked 
|  20|0x0000000707800000, 0x0000000707800000, 0x0000000707a00000|  0%| F|  |TAMS 0x0000000707800000, 0x0000000707800000| Untracked 
|  21|0x0000000707a00000, 0x0000000707a00000, 0x0000000707c00000|  0%| F|  |TAMS 0x0000000707a00000, 0x0000000707a00000| Untracked 
|  22|0x0000000707c00000, 0x0000000707c00000, 0x0000000707e00000|  0%| F|  |TAMS 0x0000000707c00000, 0x0000000707c00000| Untracked 
|  23|0x0000000707e00000, 0x0000000707e00000, 0x0000000708000000|  0%| F|  |TAMS 0x0000000707e00000, 0x0000000707e00000| Untracked 
|  24|0x0000000708000000, 0x0000000708000000, 0x0000000708200000|  0%| F|  |TAMS 0x0000000708000000, 0x0000000708000000| Untracked 
|  25|0x0000000708200000, 0x0000000708200000, 0x0000000708400000|  0%| F|  |TAMS 0x0000000708200000, 0x0000000708200000| Untracked 
|  26|0x0000000708400000, 0x0000000708400000, 0x0000000708600000|  0%| F|  |TAMS 0x0000000708400000, 0x0000000708400000| Untracked 
|  27|0x0000000708600000, 0x0000000708600000, 0x0000000708800000|  0%| F|  |TAMS 0x0000000708600000, 0x0000000708600000| Untracked 
|  28|0x0000000708800000, 0x0000000708800000, 0x0000000708a00000|  0%| F|  |TAMS 0x0000000708800000, 0x0000000708800000| Untracked 
|  29|0x0000000708a00000, 0x0000000708a00000, 0x0000000708c00000|  0%| F|  |TAMS 0x0000000708a00000, 0x0000000708a00000| Untracked 
|  30|0x0000000708c00000, 0x0000000708c00000, 0x0000000708e00000|  0%| F|  |TAMS 0x0000000708c00000, 0x0000000708c00000| Untracked 
|  31|0x0000000708e00000, 0x0000000708e00000, 0x0000000709000000|  0%| F|  |TAMS 0x0000000708e00000, 0x0000000708e00000| Untracked 
|  32|0x0000000709000000, 0x0000000709000000, 0x0000000709200000|  0%| F|  |TAMS 0x0000000709000000, 0x0000000709000000| Untracked 
|  33|0x0000000709200000, 0x0000000709200000, 0x0000000709400000|  0%| F|  |TAMS 0x0000000709200000, 0x0000000709200000| Untracked 
|  34|0x0000000709400000, 0x0000000709400000, 0x0000000709600000|  0%| F|  |TAMS 0x0000000709400000, 0x0000000709400000| Untracked 
|  35|0x0000000709600000, 0x0000000709600000, 0x0000000709800000|  0%| F|  |TAMS 0x0000000709600000, 0x0000000709600000| Untracked 
|  36|0x0000000709800000, 0x0000000709800000, 0x0000000709a00000|  0%| F|  |TAMS 0x0000000709800000, 0x0000000709800000| Untracked 
|  37|0x0000000709a00000, 0x0000000709a00000, 0x0000000709c00000|  0%| F|  |TAMS 0x0000000709a00000, 0x0000000709a00000| Untracked 
|  38|0x0000000709c00000, 0x0000000709c00000, 0x0000000709e00000|  0%| F|  |TAMS 0x0000000709c00000, 0x0000000709c00000| Untracked 
|  39|0x0000000709e00000, 0x0000000709e00000, 0x000000070a000000|  0%| F|  |TAMS 0x0000000709e00000, 0x0000000709e00000| Untracked 
|  40|0x000000070a000000, 0x000000070a000000, 0x000000070a200000|  0%| F|  |TAMS 0x000000070a000000, 0x000000070a000000| Untracked 
|  41|0x000000070a200000, 0x000000070a200000, 0x000000070a400000|  0%| F|  |TAMS 0x000000070a200000, 0x000000070a200000| Untracked 
|  42|0x000000070a400000, 0x000000070a400000, 0x000000070a600000|  0%| F|  |TAMS 0x000000070a400000, 0x000000070a400000| Untracked 
|  43|0x000000070a600000, 0x000000070a600000, 0x000000070a800000|  0%| F|  |TAMS 0x000000070a600000, 0x000000070a600000| Untracked 
|  44|0x000000070a800000, 0x000000070a800000, 0x000000070aa00000|  0%| F|  |TAMS 0x000000070a800000, 0x000000070a800000| Untracked 
|  45|0x000000070aa00000, 0x000000070aa00000, 0x000000070ac00000|  0%| F|  |TAMS 0x000000070aa00000, 0x000000070aa00000| Untracked 
|  46|0x000000070ac00000, 0x000000070ac00000, 0x000000070ae00000|  0%| F|  |TAMS 0x000000070ac00000, 0x000000070ac00000| Untracked 
|  47|0x000000070ae00000, 0x000000070ae00000, 0x000000070b000000|  0%| F|  |TAMS 0x000000070ae00000, 0x000000070ae00000| Untracked 
|  48|0x000000070b000000, 0x000000070b000000, 0x000000070b200000|  0%| F|  |TAMS 0x000000070b000000, 0x000000070b000000| Untracked 
|  49|0x000000070b200000, 0x000000070b200000, 0x000000070b400000|  0%| F|  |TAMS 0x000000070b200000, 0x000000070b200000| Untracked 
|  50|0x000000070b400000, 0x000000070b400000, 0x000000070b600000|  0%| F|  |TAMS 0x000000070b400000, 0x000000070b400000| Untracked 
|  51|0x000000070b600000, 0x000000070b600000, 0x000000070b800000|  0%| F|  |TAMS 0x000000070b600000, 0x000000070b600000| Untracked 
|  52|0x000000070b800000, 0x000000070b800000, 0x000000070ba00000|  0%| F|  |TAMS 0x000000070b800000, 0x000000070b800000| Untracked 
|  53|0x000000070ba00000, 0x000000070ba00000, 0x000000070bc00000|  0%| F|  |TAMS 0x000000070ba00000, 0x000000070ba00000| Untracked 
|  54|0x000000070bc00000, 0x000000070bc00000, 0x000000070be00000|  0%| F|  |TAMS 0x000000070bc00000, 0x000000070bc00000| Untracked 
|  55|0x000000070be00000, 0x000000070be00000, 0x000000070c000000|  0%| F|  |TAMS 0x000000070be00000, 0x000000070be00000| Untracked 
|  56|0x000000070c000000, 0x000000070c000000, 0x000000070c200000|  0%| F|  |TAMS 0x000000070c000000, 0x000000070c000000| Untracked 
|  57|0x000000070c200000, 0x000000070c200000, 0x000000070c400000|  0%| F|  |TAMS 0x000000070c200000, 0x000000070c200000| Untracked 
|  58|0x000000070c400000, 0x000000070c400000, 0x000000070c600000|  0%| F|  |TAMS 0x000000070c400000, 0x000000070c400000| Untracked 
|  59|0x000000070c600000, 0x000000070c600000, 0x000000070c800000|  0%| F|  |TAMS 0x000000070c600000, 0x000000070c600000| Untracked 
|  60|0x000000070c800000, 0x000000070c800000, 0x000000070ca00000|  0%| F|  |TAMS 0x000000070c800000, 0x000000070c800000| Untracked 
|  61|0x000000070ca00000, 0x000000070ca00000, 0x000000070cc00000|  0%| F|  |TAMS 0x000000070ca00000, 0x000000070ca00000| Untracked 
|  62|0x000000070cc00000, 0x000000070cc00000, 0x000000070ce00000|  0%| F|  |TAMS 0x000000070cc00000, 0x000000070cc00000| Untracked 
|  63|0x000000070ce00000, 0x000000070ce00000, 0x000000070d000000|  0%| F|  |TAMS 0x000000070ce00000, 0x000000070ce00000| Untracked 
|  64|0x000000070d000000, 0x000000070d000000, 0x000000070d200000|  0%| F|  |TAMS 0x000000070d000000, 0x000000070d000000| Untracked 
|  65|0x000000070d200000, 0x000000070d200000, 0x000000070d400000|  0%| F|  |TAMS 0x000000070d200000, 0x000000070d200000| Untracked 
|  66|0x000000070d400000, 0x000000070d400000, 0x000000070d600000|  0%| F|  |TAMS 0x000000070d400000, 0x000000070d400000| Untracked 
|  67|0x000000070d600000, 0x000000070d600000, 0x000000070d800000|  0%| F|  |TAMS 0x000000070d600000, 0x000000070d600000| Untracked 
|  68|0x000000070d800000, 0x000000070d800000, 0x000000070da00000|  0%| F|  |TAMS 0x000000070d800000, 0x000000070d800000| Untracked 
|  69|0x000000070da00000, 0x000000070da00000, 0x000000070dc00000|  0%| F|  |TAMS 0x000000070da00000, 0x000000070da00000| Untracked 
|  70|0x000000070dc00000, 0x000000070dc00000, 0x000000070de00000|  0%| F|  |TAMS 0x000000070dc00000, 0x000000070dc00000| Untracked 
|  71|0x000000070de00000, 0x000000070de00000, 0x000000070e000000|  0%| F|  |TAMS 0x000000070de00000, 0x000000070de00000| Untracked 
|  72|0x000000070e000000, 0x000000070e000000, 0x000000070e200000|  0%| F|  |TAMS 0x000000070e000000, 0x000000070e000000| Untracked 
|  73|0x000000070e200000, 0x000000070e200000, 0x000000070e400000|  0%| F|  |TAMS 0x000000070e200000, 0x000000070e200000| Untracked 
|  74|0x000000070e400000, 0x000000070e400000, 0x000000070e600000|  0%| F|  |TAMS 0x000000070e400000, 0x000000070e400000| Untracked 
|  75|0x000000070e600000, 0x000000070e600000, 0x000000070e800000|  0%| F|  |TAMS 0x000000070e600000, 0x000000070e600000| Untracked 
|  76|0x000000070e800000, 0x000000070e800000, 0x000000070ea00000|  0%| F|  |TAMS 0x000000070e800000, 0x000000070e800000| Untracked 
|  77|0x000000070ea00000, 0x000000070ea00000, 0x000000070ec00000|  0%| F|  |TAMS 0x000000070ea00000, 0x000000070ea00000| Untracked 
|  78|0x000000070ec00000, 0x000000070ec00000, 0x000000070ee00000|  0%| F|  |TAMS 0x000000070ec00000, 0x000000070ec00000| Untracked 
|  79|0x000000070ee00000, 0x000000070ee00000, 0x000000070f000000|  0%| F|  |TAMS 0x000000070ee00000, 0x000000070ee00000| Untracked 
|  80|0x000000070f000000, 0x000000070f000000, 0x000000070f200000|  0%| F|  |TAMS 0x000000070f000000, 0x000000070f000000| Untracked 
|  81|0x000000070f200000, 0x000000070f200000, 0x000000070f400000|  0%| F|  |TAMS 0x000000070f200000, 0x000000070f200000| Untracked 
|  82|0x000000070f400000, 0x000000070f400000, 0x000000070f600000|  0%| F|  |TAMS 0x000000070f400000, 0x000000070f400000| Untracked 
|  83|0x000000070f600000, 0x000000070f600000, 0x000000070f800000|  0%| F|  |TAMS 0x000000070f600000, 0x000000070f600000| Untracked 
|  84|0x000000070f800000, 0x000000070f800000, 0x000000070fa00000|  0%| F|  |TAMS 0x000000070f800000, 0x000000070f800000| Untracked 
|  85|0x000000070fa00000, 0x000000070fa00000, 0x000000070fc00000|  0%| F|  |TAMS 0x000000070fa00000, 0x000000070fa00000| Untracked 
|  86|0x000000070fc00000, 0x000000070fc00000, 0x000000070fe00000|  0%| F|  |TAMS 0x000000070fc00000, 0x000000070fc00000| Untracked 
|  87|0x000000070fe00000, 0x000000070fe00000, 0x0000000710000000|  0%| F|  |TAMS 0x000000070fe00000, 0x000000070fe00000| Untracked 
|  88|0x0000000710000000, 0x0000000710000000, 0x0000000710200000|  0%| F|  |TAMS 0x0000000710000000, 0x0000000710000000| Untracked 
|  89|0x0000000710200000, 0x0000000710200000, 0x0000000710400000|  0%| F|  |TAMS 0x0000000710200000, 0x0000000710200000| Untracked 
|  90|0x0000000710400000, 0x0000000710400000, 0x0000000710600000|  0%| F|  |TAMS 0x0000000710400000, 0x0000000710400000| Untracked 
|  91|0x0000000710600000, 0x0000000710600000, 0x0000000710800000|  0%| F|  |TAMS 0x0000000710600000, 0x0000000710600000| Untracked 
|  92|0x0000000710800000, 0x0000000710800000, 0x0000000710a00000|  0%| F|  |TAMS 0x0000000710800000, 0x0000000710800000| Untracked 
|  93|0x0000000710a00000, 0x0000000710a00000, 0x0000000710c00000|  0%| F|  |TAMS 0x0000000710a00000, 0x0000000710a00000| Untracked 
|  94|0x0000000710c00000, 0x0000000710c00000, 0x0000000710e00000|  0%| F|  |TAMS 0x0000000710c00000, 0x0000000710c00000| Untracked 
|  95|0x0000000710e00000, 0x0000000710e00000, 0x0000000711000000|  0%| F|  |TAMS 0x0000000710e00000, 0x0000000710e00000| Untracked 
|  96|0x0000000711000000, 0x0000000711000000, 0x0000000711200000|  0%| F|  |TAMS 0x0000000711000000, 0x0000000711000000| Untracked 
|  97|0x0000000711200000, 0x0000000711200000, 0x0000000711400000|  0%| F|  |TAMS 0x0000000711200000, 0x0000000711200000| Untracked 
|  98|0x0000000711400000, 0x0000000711400000, 0x0000000711600000|  0%| F|  |TAMS 0x0000000711400000, 0x0000000711400000| Untracked 
|  99|0x0000000711600000, 0x0000000711600000, 0x0000000711800000|  0%| F|  |TAMS 0x0000000711600000, 0x0000000711600000| Untracked 
| 100|0x0000000711800000, 0x0000000711800000, 0x0000000711a00000|  0%| F|  |TAMS 0x0000000711800000, 0x0000000711800000| Untracked 
| 101|0x0000000711a00000, 0x0000000711a00000, 0x0000000711c00000|  0%| F|  |TAMS 0x0000000711a00000, 0x0000000711a00000| Untracked 
| 102|0x0000000711c00000, 0x0000000711c00000, 0x0000000711e00000|  0%| F|  |TAMS 0x0000000711c00000, 0x0000000711c00000| Untracked 
| 103|0x0000000711e00000, 0x0000000711e00000, 0x0000000712000000|  0%| F|  |TAMS 0x0000000711e00000, 0x0000000711e00000| Untracked 
| 104|0x0000000712000000, 0x0000000712000000, 0x0000000712200000|  0%| F|  |TAMS 0x0000000712000000, 0x0000000712000000| Untracked 
| 105|0x0000000712200000, 0x0000000712200000, 0x0000000712400000|  0%| F|  |TAMS 0x0000000712200000, 0x0000000712200000| Untracked 
| 106|0x0000000712400000, 0x0000000712400000, 0x0000000712600000|  0%| F|  |TAMS 0x0000000712400000, 0x0000000712400000| Untracked 
| 107|0x0000000712600000, 0x0000000712600000, 0x0000000712800000|  0%| F|  |TAMS 0x0000000712600000, 0x0000000712600000| Untracked 
| 108|0x0000000712800000, 0x0000000712800000, 0x0000000712a00000|  0%| F|  |TAMS 0x0000000712800000, 0x0000000712800000| Untracked 
| 109|0x0000000712a00000, 0x0000000712a00000, 0x0000000712c00000|  0%| F|  |TAMS 0x0000000712a00000, 0x0000000712a00000| Untracked 
| 110|0x0000000712c00000, 0x0000000712c00000, 0x0000000712e00000|  0%| F|  |TAMS 0x0000000712c00000, 0x0000000712c00000| Untracked 
| 111|0x0000000712e00000, 0x0000000712e00000, 0x0000000713000000|  0%| F|  |TAMS 0x0000000712e00000, 0x0000000712e00000| Untracked 
| 112|0x0000000713000000, 0x0000000713000000, 0x0000000713200000|  0%| F|  |TAMS 0x0000000713000000, 0x0000000713000000| Untracked 
| 113|0x0000000713200000, 0x0000000713200000, 0x0000000713400000|  0%| F|  |TAMS 0x0000000713200000, 0x0000000713200000| Untracked 
| 114|0x0000000713400000, 0x0000000713400000, 0x0000000713600000|  0%| F|  |TAMS 0x0000000713400000, 0x0000000713400000| Untracked 
| 115|0x0000000713600000, 0x0000000713600000, 0x0000000713800000|  0%| F|  |TAMS 0x0000000713600000, 0x0000000713600000| Untracked 
| 116|0x0000000713800000, 0x0000000713800000, 0x0000000713a00000|  0%| F|  |TAMS 0x0000000713800000, 0x0000000713800000| Untracked 
| 117|0x0000000713a00000, 0x0000000713a00000, 0x0000000713c00000|  0%| F|  |TAMS 0x0000000713a00000, 0x0000000713a00000| Untracked 
| 118|0x0000000713c00000, 0x0000000713c00000, 0x0000000713e00000|  0%| F|  |TAMS 0x0000000713c00000, 0x0000000713c00000| Untracked 
| 119|0x0000000713e00000, 0x0000000713e00000, 0x0000000714000000|  0%| F|  |TAMS 0x0000000713e00000, 0x0000000713e00000| Untracked 
| 120|0x0000000714000000, 0x0000000714000000, 0x0000000714200000|  0%| F|  |TAMS 0x0000000714000000, 0x0000000714000000| Untracked 
| 121|0x0000000714200000, 0x0000000714200000, 0x0000000714400000|  0%| F|  |TAMS 0x0000000714200000, 0x0000000714200000| Untracked 
| 122|0x0000000714400000, 0x0000000714400000, 0x0000000714600000|  0%| F|  |TAMS 0x0000000714400000, 0x0000000714400000| Untracked 
| 123|0x0000000714600000, 0x0000000714600000, 0x0000000714800000|  0%| F|  |TAMS 0x0000000714600000, 0x0000000714600000| Untracked 
| 124|0x0000000714800000, 0x0000000714800000, 0x0000000714a00000|  0%| F|  |TAMS 0x0000000714800000, 0x0000000714800000| Untracked 
| 125|0x0000000714a00000, 0x0000000714bc2a68, 0x0000000714c00000| 88%| E|  |TAMS 0x0000000714a00000, 0x0000000714a00000| Complete 

Card table byte_map: [0x0000027f142a0000,0x0000027f14a80000] _byte_map_base: 0x0000027f10a78000

Marking Bits (Prev, Next): (CMBitMap*) 0x0000027f7fab8f10, (CMBitMap*) 0x0000027f7fab8f50
 Prev Bits: [0x0000027f15260000, 0x0000027f19120000)
 Next Bits: [0x0000027f19120000, 0x0000027f1cfe0000)

Polling page: 0x0000027f7ee70000

Metaspace:

Usage:
  Non-class:      4.32 MB used.
      Class:    420.49 KB used.
       Both:      4.73 MB used.

Virtual space:
  Non-class space:       64.00 MB reserved,       4.38 MB (  7%) committed,  1 nodes.
      Class space:        1.00 GB reserved,     512.00 KB ( <1%) committed,  1 nodes.
             Both:        1.06 GB reserved,       4.88 MB ( <1%) committed. 

Chunk freelists:
   Non-Class:  10.99 MB
       Class:  15.56 MB
        Both:  26.55 MB

MaxMetaspaceSize: unlimited
CompressedClassSpaceSize: 1.00 GB
Initial GC threshold: 21.00 MB
Current GC threshold: 21.00 MB
CDS: off
MetaspaceReclaimPolicy: balanced
 - commit_granule_bytes: 65536.
 - commit_granule_words: 8192.
 - virtual_space_node_default_size: 8388608.
 - enlarge_chunks_in_place: 1.
 - new_chunks_are_fully_committed: 0.
 - uncommit_free_chunks: 1.
 - use_allocation_guard: 0.
 - handle_deallocations: 1.


Internal statistics:

num_allocs_failed_limit: 0.
num_arena_births: 4.
num_arena_deaths: 0.
num_vsnodes_births: 2.
num_vsnodes_deaths: 0.
num_space_committed: 78.
num_space_uncommitted: 0.
num_chunks_returned_to_freelist: 0.
num_chunks_taken_from_freelist: 9.
num_chunk_merges: 0.
num_chunk_splits: 5.
num_chunks_enlarged: 1.
num_inconsistent_stats: 0.

CodeHeap 'non-profiled nmethods': size=120000Kb used=11Kb max_used=11Kb free=119988Kb
 bounds [0x0000027f0c590000, 0x0000027f0c800000, 0x0000027f13ac0000]
CodeHeap 'profiled nmethods': size=120000Kb used=103Kb max_used=103Kb free=119896Kb
 bounds [0x0000027f04ac0000, 0x0000027f04d30000, 0x0000027f0bff0000]
CodeHeap 'non-nmethods': size=5760Kb used=1067Kb max_used=1073Kb free=4692Kb
 bounds [0x0000027f0bff0000, 0x0000027f0c260000, 0x0000027f0c590000]
 total_blobs=392 nmethods=76 adapters=229
 compilation: enabled
              stopped_count=0, restarted_count=0
 full_count=0

Compilation events (20 events):
Event: 0.102 Thread 0x0000027f1fa027e0   67       3       java.lang.StringLatin1::indexOf (36 bytes)
Event: 0.102 Thread 0x0000027f1fa027e0 nmethod 67 0x0000027f04ad5710 code [0x0000027f04ad58e0, 0x0000027f04ad5d18]
Event: 0.102 Thread 0x0000027f1fa027e0   68       3       java.lang.String::indexOf (7 bytes)
Event: 0.102 Thread 0x0000027f1fa027e0 nmethod 68 0x0000027f04ad5e90 code [0x0000027f04ad6060, 0x0000027f04ad6378]
Event: 0.102 Thread 0x0000027f1fa027e0   69       3       java.lang.CharacterDataLatin1::getProperties (11 bytes)
Event: 0.103 Thread 0x0000027f1fa027e0 nmethod 69 0x0000027f04ad6490 code [0x0000027f04ad6620, 0x0000027f04ad6758]
Event: 0.103 Thread 0x0000027f1fa027e0   70       3       java.lang.CharacterDataLatin1::toLowerCase (39 bytes)
Event: 0.103 Thread 0x0000027f1fa027e0 nmethod 70 0x0000027f04ad6810 code [0x0000027f04ad69c0, 0x0000027f04ad6c18]
Event: 0.103 Thread 0x0000027f1fa027e0   71       3       java.util.ImmutableCollections$MapN::get (35 bytes)
Event: 0.103 Thread 0x0000027f1fa027e0 nmethod 71 0x0000027f04ad6d10 code [0x0000027f04ad6ee0, 0x0000027f04ad7298]
Event: 0.103 Thread 0x0000027f1fa027e0   72       3       java.lang.String::isEmpty (14 bytes)
Event: 0.103 Thread 0x0000027f1fa027e0 nmethod 72 0x0000027f04ad7410 code [0x0000027f04ad75a0, 0x0000027f04ad7718]
Event: 0.104 Thread 0x0000027f1fa027e0   73       3       java.lang.String::<init> (15 bytes)
Event: 0.104 Thread 0x0000027f1fa027e0 nmethod 73 0x0000027f04ad7810 code [0x0000027f04ad79a0, 0x0000027f04ad7b78]
Event: 0.104 Thread 0x0000027f1fa027e0   74       3       java.lang.String::checkBoundsBeginEnd (63 bytes)
Event: 0.105 Thread 0x0000027f1fa027e0 nmethod 74 0x0000027f04ad7c10 code [0x0000027f04ad7ea0, 0x0000027f04ad8798]
Event: 0.105 Thread 0x0000027f1fa027e0   75       3       java.lang.StringUTF16::indexOfCharUnsafe (30 bytes)
Event: 0.105 Thread 0x0000027f1fa027e0 nmethod 75 0x0000027f04ad8b10 code [0x0000027f04ad8cc0, 0x0000027f04ad8ed8]
Event: 0.105 Thread 0x0000027f1fa027e0   76       3       java.lang.String::checkBoundsOffCount (64 bytes)
Event: 0.105 Thread 0x0000027f1fa027e0 nmethod 76 0x0000027f04ad9010 code [0x0000027f04ad92a0, 0x0000027f04ad9b98]

GC Heap History (0 events):
No events

Dll operation events (1 events):
Event: 0.012 Loaded shared library C:\Program Files\JetBrains\IntelliJ IDEA 2023.1.3\jbr\bin\java.dll

Deoptimization events (0 events):
No events

Classes unloaded (0 events):
No events

Classes redefined (0 events):
No events

Internal exceptions (0 events):
No events

VM Operations (2 events):
Event: 0.104 Executing VM operation: HandshakeAllThreads
Event: 0.104 Executing VM operation: HandshakeAllThreads done

Events (20 events):
Event: 0.104 loading class java/security/KeyManagementException done
Event: 0.104 loading class java/lang/ProcessEnvironment
Event: 0.104 loading class java/lang/ProcessEnvironment done
Event: 0.104 loading class java/lang/ProcessEnvironment$NameComparator
Event: 0.104 loading class java/lang/ProcessEnvironment$NameComparator done
Event: 0.104 loading class java/lang/ProcessEnvironment$EntryComparator
Event: 0.104 loading class java/lang/ProcessEnvironment$EntryComparator done
Event: 0.105 loading class java/util/TreeMap
Event: 0.105 loading class java/util/NavigableMap
Event: 0.105 loading class java/util/SortedMap
Event: 0.105 loading class java/util/SortedMap done
Event: 0.105 loading class java/util/NavigableMap done
Event: 0.105 loading class java/util/TreeMap done
Event: 0.105 loading class java/lang/ProcessEnvironment$CheckedEntrySet
Event: 0.105 loading class java/lang/ProcessEnvironment$CheckedEntrySet done
Event: 0.105 loading class java/lang/ProcessEnvironment$CheckedEntrySet$1
Event: 0.105 loading class java/lang/ProcessEnvironment$CheckedEntrySet$1 done
Event: 0.105 loading class java/lang/ProcessEnvironment$CheckedEntry
Event: 0.105 loading class java/lang/ProcessEnvironment$CheckedEntry done
Event: 0.105 loading class java/util/TreeMap$Entry


Dynamic libraries:
0x00007ff708290000 - 0x00007ff70829a000 	C:\Program Files\JetBrains\IntelliJ IDEA 2023.1.3\jbr\bin\java.exe
0x00007ffe6c730000 - 0x00007ffe6c928000 	C:\Windows\SYSTEM32\ntdll.dll
0x00007ffe6afe0000 - 0x00007ffe6b09f000 	C:\Windows\System32\KERNEL32.DLL
0x00007ffe6a370000 - 0x00007ffe6a666000 	C:\Windows\System32\KERNELBASE.dll
0x00007ffe6a270000 - 0x00007ffe6a370000 	C:\Windows\System32\ucrtbase.dll
0x00007ffe1fdb0000 - 0x00007ffe1fdc7000 	C:\Program Files\JetBrains\IntelliJ IDEA 2023.1.3\jbr\bin\jli.dll
0x00007ffe4b430000 - 0x00007ffe4b44b000 	C:\Program Files\JetBrains\IntelliJ IDEA 2023.1.3\jbr\bin\VCRUNTIME140.dll
0x00007ffe6b570000 - 0x00007ffe6b70d000 	C:\Windows\System32\USER32.dll
0x00007ffe69ec0000 - 0x00007ffe69ee2000 	C:\Windows\System32\win32u.dll
0x00007ffe6b710000 - 0x00007ffe6b73c000 	C:\Windows\System32\GDI32.dll
0x00007ffe6a670000 - 0x00007ffe6a785000 	C:\Windows\System32\gdi32full.dll
0x00007ffe6a180000 - 0x00007ffe6a21d000 	C:\Windows\System32\msvcp_win.dll
0x00007ffe4f410000 - 0x00007ffe4f6aa000 	C:\Windows\WinSxS\amd64_microsoft.windows.common-controls_6595b64144ccf1df_6.0.19041.1110_none_60b5254171f9507e\COMCTL32.dll
0x00007ffe6a910000 - 0x00007ffe6a9ae000 	C:\Windows\System32\msvcrt.dll
0x00007ffe6c4f0000 - 0x00007ffe6c520000 	C:\Windows\System32\IMM32.DLL
0x00007ffe65180000 - 0x00007ffe6518c000 	C:\Program Files\JetBrains\IntelliJ IDEA 2023.1.3\jbr\bin\vcruntime140_1.dll
0x00007ffe1c960000 - 0x00007ffe1c9ed000 	C:\Program Files\JetBrains\IntelliJ IDEA 2023.1.3\jbr\bin\msvcp140.dll
0x00007ffdce660000 - 0x00007ffdcf2ce000 	C:\Program Files\JetBrains\IntelliJ IDEA 2023.1.3\jbr\bin\server\jvm.dll
0x00007ffe6be90000 - 0x00007ffe6bf3f000 	C:\Windows\System32\ADVAPI32.dll
0x00007ffe6c650000 - 0x00007ffe6c6ec000 	C:\Windows\System32\sechost.dll
0x00007ffe6c520000 - 0x00007ffe6c646000 	C:\Windows\System32\RPCRT4.dll
0x00007ffe4af40000 - 0x00007ffe4af49000 	C:\Windows\SYSTEM32\WSOCK32.dll
0x00007ffe6a9c0000 - 0x00007ffe6aa2b000 	C:\Windows\System32\WS2_32.dll
0x00007ffe50560000 - 0x00007ffe50587000 	C:\Windows\SYSTEM32\WINMM.dll
0x00007ffe59bd0000 - 0x00007ffe59bda000 	C:\Windows\SYSTEM32\VERSION.dll
0x00007ffe68610000 - 0x00007ffe68622000 	C:\Windows\SYSTEM32\kernel.appcore.dll
0x00007ffe639c0000 - 0x00007ffe639ca000 	C:\Program Files\JetBrains\IntelliJ IDEA 2023.1.3\jbr\bin\jimage.dll
0x00007ffe682a0000 - 0x00007ffe68484000 	C:\Windows\SYSTEM32\DBGHELP.DLL
0x00007ffe54a10000 - 0x00007ffe54a44000 	C:\Windows\SYSTEM32\dbgcore.DLL
0x00007ffe69f20000 - 0x00007ffe69fa2000 	C:\Windows\System32\bcryptPrimitives.dll
0x00007ffe23670000 - 0x00007ffe23695000 	C:\Program Files\JetBrains\IntelliJ IDEA 2023.1.3\jbr\bin\java.dll
0x00007ffe273d0000 - 0x00007ffe273e8000 	C:\Program Files\JetBrains\IntelliJ IDEA 2023.1.3\jbr\bin\zip.dll
0x00007ffe6b740000 - 0x00007ffe6be84000 	C:\Windows\System32\SHELL32.dll
0x00007ffe67890000 - 0x00007ffe68024000 	C:\Windows\SYSTEM32\windows.storage.dll
0x00007ffe6c190000 - 0x00007ffe6c4e4000 	C:\Windows\System32\combase.dll
0x00007ffe69770000 - 0x00007ffe6979e000 	C:\Windows\SYSTEM32\Wldp.dll
0x00007ffe6a860000 - 0x00007ffe6a90d000 	C:\Windows\System32\SHCORE.dll
0x00007ffe6b1d0000 - 0x00007ffe6b225000 	C:\Windows\System32\shlwapi.dll
0x00007ffe69d40000 - 0x00007ffe69d65000 	C:\Windows\SYSTEM32\profapi.dll
0x00007ffe264f0000 - 0x00007ffe26509000 	C:\Program Files\JetBrains\IntelliJ IDEA 2023.1.3\jbr\bin\net.dll
0x00007ffe63b60000 - 0x00007ffe63c6a000 	C:\Windows\SYSTEM32\WINHTTP.dll
0x00007ffe69550000 - 0x00007ffe695ba000 	C:\Windows\system32\mswsock.dll
0x00007ffe23650000 - 0x00007ffe23666000 	C:\Program Files\JetBrains\IntelliJ IDEA 2023.1.3\jbr\bin\nio.dll

dbghelp: loaded successfully - version: 4.0.5 - missing functions: none
symbol engine: initialized successfully - sym options: 0x614 - pdb path: .;C:\Program Files\JetBrains\IntelliJ IDEA 2023.1.3\jbr\bin;C:\Windows\SYSTEM32;C:\Windows\WinSxS\amd64_microsoft.windows.common-controls_6595b64144ccf1df_6.0.19041.1110_none_60b5254171f9507e;C:\Program Files\JetBrains\IntelliJ IDEA 2023.1.3\jbr\bin\server

VM Arguments:
java_command: git4idea.http.GitAskPassApp Username for 'https://github.com': 
java_class_path (initial): C:/Program Files/JetBrains/IntelliJ IDEA 2023.1.3/plugins/vcs-git/lib/git4idea-rt.jar;C:/Program Files/JetBrains/IntelliJ IDEA 2023.1.3/lib/externalProcess-rt.jar
Launcher Type: SUN_STANDARD

[Global flags]
     intx CICompilerCount                          = 4                                         {product} {ergonomic}
     uint ConcGCThreads                            = 2                                         {product} {ergonomic}
     uint G1ConcRefinementThreads                  = 8                                         {product} {ergonomic}
   size_t G1HeapRegionSize                         = 2097152                                   {product} {ergonomic}
    uintx GCDrainStackTargetSize                   = 64                                        {product} {ergonomic}
   size_t InitialHeapSize                          = 264241152                                 {product} {ergonomic}
   size_t MarkStackSize                            = 4194304                                   {product} {ergonomic}
   size_t MaxHeapSize                              = 4211081216                                {product} {ergonomic}
   size_t MaxNewSize                               = 2524971008                                {product} {ergonomic}
   size_t MinHeapDeltaBytes                        = 2097152                                   {product} {ergonomic}
   size_t MinHeapSize                              = 8388608                                   {product} {ergonomic}
    uintx NonNMethodCodeHeapSize                   = 5839372                                {pd product} {ergonomic}
    uintx NonProfiledCodeHeapSize                  = 122909434                              {pd product} {ergonomic}
    uintx ProfiledCodeHeapSize                     = 122909434                              {pd product} {ergonomic}
    uintx ReservedCodeCacheSize                    = 251658240                              {pd product} {ergonomic}
     bool SegmentedCodeCache                       = true                                      {product} {ergonomic}
   size_t SoftMaxHeapSize                          = 4211081216                             {manageable} {ergonomic}
     bool UseCompressedClassPointers               = true                           {product lp64_product} {ergonomic}
     bool UseCompressedOops                        = true                           {product lp64_product} {ergonomic}
     bool UseG1GC                                  = true                                      {product} {ergonomic}
     bool UseLargePagesIndividualAllocation        = false                                  {pd product} {ergonomic}

Logging:
Log output configuration:
 #0: stdout all=warning uptime,level,tags
 #1: stderr all=off uptime,level,tags

Environment Variables:
JAVA_HOME=C:\Program Files\Java\jdk1.8.0_311
PATH=C:\Program Files\Git\mingw64\libexec\git-core;C:\Program Files\Git\mingw64\libexec\git-core;C:\Program Files\Git\mingw64\bin;C:\Program Files\Git\usr\bin;C:\Users\user\bin;C:\Program Files (x86)\Common Files\Oracle\Java\javapath;C:\Windows\system32;C:\Windows;C:\Windows\System32\Wbem;C:\Windows\System32\WindowsPowerShell\v1.0;C:\Windows\System32\OpenSSH;C:\Users\user\AppData\Local\Temp\DLP;C:\Program Files\Java\jdk1.8.0_311\bin;C:\Program Files\Git\cmd;C:\Program Files\Docker\Docker\resources\bin;C:\Users\user\Desktop\작업\python\Scripts;C:\Users\user\Desktop\작업\python;C:\Users\user\AppData\Local\Microsoft\WindowsApps;C:\Users\user\AppData\Local\Programs\Fiddler;C:\Program Files\Java\jdk1.8.0_311\bin
USERNAME=user
DISPLAY=:0.0
LC_ALL=en_US.UTF-8
TERM=xterm-256color
TMPDIR=C:\Users\user\AppData\Local\Temp
OS=Windows_NT
PROCESSOR_IDENTIFIER=Intel64 Family 6 Model 140 Stepping 1, GenuineIntel
TMP=C:\Users\user\AppData\Local\Temp
TEMP=C:\Users\user\AppData\Local\Temp


JNI global refs:
JNI global refs: 9, weak refs: 0

JNI global refs memory usage: 843, weak refs: 209


---------------  S Y S T E M  ---------------

OS:
 Windows 10 , 64 bit Build 19041 (10.0.19041.3155)
OS uptime: 8 days 23:03 hours
Hyper-V role detected

CPU: total 8 (initial active 8) (4 cores per cpu, 2 threads per core) family 6 model 140 stepping 1 microcode 0xb4, cx8, cmov, fxsr, ht, mmx, 3dnowpref, sse, sse2, sse3, ssse3, sse4.1, sse4.2, popcnt, lzcnt, tsc, tscinvbit, avx, avx2, aes, erms, clmul, bmi1, bmi2, adx, avx512f, avx512dq, avx512cd, avx512bw, avx512vl, sha, fma, vzeroupper, avx512_vpopcntdq, avx512_vpclmulqdq, avx512_vaes, avx512_vnni, clflush, clflushopt, clwb, avx512_vbmi2, avx512_vbmi, hv

Memory: 4k page, system-wide physical 16057M (6088M free)
TotalPageFile size 44228M (AvailPageFile size 2M)
current process WorkingSet (physical memory assigned to process): 31M, peak: 31M
current process commit charge ("private bytes"): 332M, peak: 332M

vm_info: OpenJDK 64-Bit Server VM (17.0.7+10-b829.16) for windows-amd64 JRE (17.0.7+10-b829.16), built on 2023-06-02 by "builduser" with MS VC++ 16.10 / 16.11 (VS2019)

END.
